# JRE version: OpenJDK Runtime Environment (21.0.8) (build 21.0.8+-14196175-b1038.72)
# Java VM: OpenJDK 64-Bit Server VM (21.0.8+-14196175-b1038.72, mixed mode, tiered, compressed oops, compressed class ptrs, g1 gc, windows-amd64)
GC Precious Log:
 CardTable entry size: 512
 Card Set container configuration: InlinePtr #cards 5 size 8 Array Of Cards #cards 12 size 40 Howl #buckets 4 coarsen threshold 1843 Howl Bitmap #cards 512 size 80 coarsen threshold 460 Card regions per heap region 1 cards per card region 2048
 CPUs: 12 total, 12 available
 Memory: 15741M
 Large Page Support: Disabled
 NUMA Support: Disabled
 Compressed Oops: Enabled (32-bit)
 Heap Region Size: 1M
 Heap Min Capacity: 8M
 Heap Initial Capacity: 246M
 Heap Max Capacity: 2G
 Pre-touch: Disabled
 Parallel Workers: 10
 Concurrent Workers: 3
 Concurrent Refinement Workers: 10
 Periodic GC: Disabled
Heap:
 garbage-first heap   total 280576K, used 196439K [0x0000000080000000, 0x0000000100000000)
  region size 1024K, 9 young (9216K), 9 survivors (9216K)
 Metaspace       used 125977K, committed 128320K, reserved 1179648K
  class space    used 18548K, committed 19648K, reserved 1048576K
GC Heap History (20 events):
Event: 14.811 GC heap after
{Heap after GC invocations=45 (full 0):
 garbage-first heap   total 165888K, used 107520K [0x0000000080000000, 0x0000000100000000)
  region size 1024K, 6 young (6144K), 6 survivors (6144K)
 Metaspace       used 111748K, committed 114112K, reserved 1179648K
  class space    used 15995K, committed 17152K, reserved 1048576K
}
Event: 15.198 GC heap before
{Heap before GC invocations=45 (full 0):
 garbage-first heap   total 165888K, used 149504K [0x0000000080000000, 0x0000000100000000)
  region size 1024K, 48 young (49152K), 6 survivors (6144K)
 Metaspace       used 112107K, committed 114368K, reserved 1179648K
  class space    used 16038K, committed 17152K, reserved 1048576K
}
Event: 15.202 GC heap after
{Heap after GC invocations=46 (full 0):
 garbage-first heap   total 165888K, used 110759K [0x0000000080000000, 0x0000000100000000)
  region size 1024K, 3 young (3072K), 3 survivors (3072K)
 Metaspace       used 112107K, committed 114368K, reserved 1179648K
  class space    used 16038K, committed 17152K, reserved 1048576K
}
Event: 15.536 GC heap before
{Heap before GC invocations=47 (full 0):
 garbage-first heap   total 186368K, used 150695K [0x0000000080000000, 0x0000000100000000)
  region size 1024K, 43 young (44032K), 3 survivors (3072K)
 Metaspace       used 112350K, committed 114560K, reserved 1179648K
  class space    used 16078K, committed 17152K, reserved 1048576K
}
Event: 15.541 GC heap after
{Heap after GC invocations=48 (full 0):
 garbage-first heap   total 186368K, used 113153K [0x0000000080000000, 0x0000000100000000)
  region size 1024K, 6 young (6144K), 6 survivors (6144K)
 Metaspace       used 112350K, committed 114560K, reserved 1179648K
  class space    used 16078K, committed 17152K, reserved 1048576K
}
Event: 15.734 GC heap before
{Heap before GC invocations=48 (full 0):
 garbage-first heap   total 186368K, used 169473K [0x0000000080000000, 0x0000000100000000)
  region size 1024K, 60 young (61440K), 6 survivors (6144K)
 Metaspace       used 113229K, committed 115520K, reserved 1179648K
  class space    used 16209K, committed 17280K, reserved 1048576K
}
Event: 15.740 GC heap after
{Heap after GC invocations=49 (full 0):
 garbage-first heap   total 194560K, used 128170K [0x0000000080000000, 0x0000000100000000)
  region size 1024K, 8 young (8192K), 8 survivors (8192K)
 Metaspace       used 113229K, committed 115520K, reserved 1179648K
  class space    used 16209K, committed 17280K, reserved 1048576K
}
Event: 15.905 GC heap before
{Heap before GC invocations=49 (full 0):
 garbage-first heap   total 194560K, used 172202K [0x0000000080000000, 0x0000000100000000)
  region size 1024K, 52 young (53248K), 8 survivors (8192K)
 Metaspace       used 114097K, committed 116352K, reserved 1179648K
  class space    used 16336K, committed 17408K, reserved 1048576K
}
Event: 15.910 GC heap after
{Heap after GC invocations=50 (full 0):
 garbage-first heap   total 233472K, used 137581K [0x0000000080000000, 0x0000000100000000)
  region size 1024K, 7 young (7168K), 7 survivors (7168K)
 Metaspace       used 114097K, committed 116352K, reserved 1179648K
  class space    used 16336K, committed 17408K, reserved 1048576K
}
Event: 16.397 GC heap before
{Heap before GC invocations=51 (full 0):
 garbage-first heap   total 233472K, used 201069K [0x0000000080000000, 0x0000000100000000)
  region size 1024K, 70 young (71680K), 7 survivors (7168K)
 Metaspace       used 118330K, committed 120640K, reserved 1179648K
  class space    used 17050K, committed 18176K, reserved 1048576K
}
Event: 16.405 GC heap after
{Heap after GC invocations=52 (full 0):
 garbage-first heap   total 233472K, used 145324K [0x0000000080000000, 0x0000000100000000)
  region size 1024K, 9 young (9216K), 9 survivors (9216K)
 Metaspace       used 118330K, committed 120640K, reserved 1179648K
  class space    used 17050K, committed 18176K, reserved 1048576K
}
Event: 16.505 GC heap before
{Heap before GC invocations=52 (full 0):
 garbage-first heap   total 233472K, used 204716K [0x0000000080000000, 0x0000000100000000)
  region size 1024K, 68 young (69632K), 9 survivors (9216K)
 Metaspace       used 118870K, committed 121216K, reserved 1179648K
  class space    used 17140K, committed 18240K, reserved 1048576K
}
Event: 16.517 GC heap after
{Heap after GC invocations=53 (full 0):
 garbage-first heap   total 233472K, used 155865K [0x0000000080000000, 0x0000000100000000)
  region size 1024K, 9 young (9216K), 9 survivors (9216K)
 Metaspace       used 118870K, committed 121216K, reserved 1179648K
  class space    used 17140K, committed 18240K, reserved 1048576K
}
Event: 16.612 GC heap before
{Heap before GC invocations=53 (full 0):
 garbage-first heap   total 233472K, used 207065K [0x0000000080000000, 0x0000000100000000)
  region size 1024K, 59 young (60416K), 9 survivors (9216K)
 Metaspace       used 119388K, committed 121728K, reserved 1179648K
  class space    used 17245K, committed 18368K, reserved 1048576K
}
Event: 16.622 GC heap after
{Heap after GC invocations=54 (full 0):
 garbage-first heap   total 233472K, used 167337K [0x0000000080000000, 0x0000000100000000)
  region size 1024K, 8 young (8192K), 8 survivors (8192K)
 Metaspace       used 119388K, committed 121728K, reserved 1179648K
  class space    used 17245K, committed 18368K, reserved 1048576K
}
Event: 16.872 GC heap before
{Heap before GC invocations=55 (full 0):
 garbage-first heap   total 280576K, used 208297K [0x0000000080000000, 0x0000000100000000)
  region size 1024K, 49 young (50176K), 8 survivors (8192K)
 Metaspace       used 121936K, committed 124224K, reserved 1179648K
  class space    used 17669K, committed 18752K, reserved 1048576K
}
Event: 16.880 GC heap after
{Heap after GC invocations=56 (full 0):
 garbage-first heap   total 280576K, used 174505K [0x0000000080000000, 0x0000000100000000)
  region size 1024K, 7 young (7168K), 7 survivors (7168K)
 Metaspace       used 121936K, committed 124224K, reserved 1179648K
  class space    used 17669K, committed 18752K, reserved 1048576K
}
Event: 16.980 GC heap before
{Heap before GC invocations=56 (full 0):
 garbage-first heap   total 280576K, used 243113K [0x0000000080000000, 0x0000000100000000)
  region size 1024K, 75 young (76800K), 7 survivors (7168K)
 Metaspace       used 122552K, committed 124864K, reserved 1179648K
  class space    used 17741K, committed 18816K, reserved 1048576K
}
Event: 16.990 GC heap after
{Heap after GC invocations=57 (full 0):
 garbage-first heap   total 280576K, used 185510K [0x0000000080000000, 0x0000000100000000)
  region size 1024K, 10 young (10240K), 10 survivors (10240K)
 Metaspace       used 122552K, committed 124864K, reserved 1179648K
  class space    used 17741K, committed 18816K, reserved 1048576K
}
Event: 17.181 GC heap before
{Heap before GC invocations=57 (full 0):
 garbage-first heap   total 280576K, used 246950K [0x0000000080000000, 0x0000000100000000)
  region size 1024K, 71 young (72704K), 10 survivors (10240K)
 Metaspace       used 125977K, committed 128320K, reserved 1179648K
  class space    used 18548K, committed 19648K, reserved 1048576K
}

