# JRE version: OpenJDK Runtime Environment (21.0.8) (build 21.0.8+-14196175-b1038.72)
# Java VM: OpenJDK 64-Bit Server VM (21.0.8+-14196175-b1038.72, mixed mode, tiered, compressed oops, compressed class ptrs, g1 gc, windows-amd64)
GC Precious Log:
 CardTable entry size: 512
 Card Set container configuration: InlinePtr #cards 5 size 8 Array Of Cards #cards 12 size 40 Howl #buckets 4 coarsen threshold 1843 Howl Bitmap #cards 512 size 80 coarsen threshold 460 Card regions per heap region 1 cards per card region 2048
 CPUs: 12 total, 12 available
 Memory: 15741M
 Large Page Support: Disabled
 NUMA Support: Disabled
 Compressed Oops: Enabled (32-bit)
 Heap Region Size: 1M
 Heap Min Capacity: 8M
 Heap Initial Capacity: 246M
 Heap Max Capacity: 2G
 Pre-touch: Disabled
 Parallel Workers: 10
 Concurrent Workers: 3
 Concurrent Refinement Workers: 10
 Periodic GC: Disabled
Heap:
 garbage-first heap   total 345088K, used 237563K [0x0000000080000000, 0x0000000100000000)
  region size 1024K, 12 young (12288K), 12 survivors (12288K)
 Metaspace       used 137616K, committed 140032K, reserved 1179648K
  class space    used 19909K, committed 21056K, reserved 1048576K
GC Heap History (20 events):
Event: 23.966 GC heap after
{Heap after GC invocations=63 (full 0):
 garbage-first heap   total 258048K, used 130814K [0x0000000080000000, 0x0000000100000000)
  region size 1024K, 7 young (7168K), 7 survivors (7168K)
 Metaspace       used 123877K, committed 126400K, reserved 1179648K
  class space    used 17510K, committed 18688K, reserved 1048576K
}
Event: 24.645 GC heap before
{Heap before GC invocations=63 (full 0):
 garbage-first heap   total 258048K, used 235262K [0x0000000080000000, 0x0000000100000000)
  region size 1024K, 109 young (111616K), 7 survivors (7168K)
 Metaspace       used 123878K, committed 126400K, reserved 1179648K
  class space    used 17510K, committed 18688K, reserved 1048576K
}
Event: 24.649 GC heap after
{Heap after GC invocations=64 (full 0):
 garbage-first heap   total 258048K, used 132193K [0x0000000080000000, 0x0000000100000000)
  region size 1024K, 8 young (8192K), 8 survivors (8192K)
 Metaspace       used 123878K, committed 126400K, reserved 1179648K
  class space    used 17510K, committed 18688K, reserved 1048576K
}
Event: 25.187 GC heap before
{Heap before GC invocations=64 (full 0):
 garbage-first heap   total 258048K, used 233569K [0x0000000080000000, 0x0000000100000000)
  region size 1024K, 108 young (110592K), 8 survivors (8192K)
 Metaspace       used 124159K, committed 126656K, reserved 1179648K
  class space    used 17560K, committed 18752K, reserved 1048576K
}
Event: 25.193 GC heap after
{Heap after GC invocations=65 (full 0):
 garbage-first heap   total 258048K, used 135790K [0x0000000080000000, 0x0000000100000000)
  region size 1024K, 11 young (11264K), 11 survivors (11264K)
 Metaspace       used 124159K, committed 126656K, reserved 1179648K
  class space    used 17560K, committed 18752K, reserved 1048576K
}
Event: 25.695 GC heap before
{Heap before GC invocations=66 (full 0):
 garbage-first heap   total 258048K, used 232046K [0x0000000080000000, 0x0000000100000000)
  region size 1024K, 104 young (106496K), 11 survivors (11264K)
 Metaspace       used 125159K, committed 127616K, reserved 1179648K
  class space    used 17709K, committed 18880K, reserved 1048576K
}
Event: 25.704 GC heap after
{Heap after GC invocations=67 (full 0):
 garbage-first heap   total 263168K, used 155260K [0x0000000080000000, 0x0000000100000000)
  region size 1024K, 13 young (13312K), 13 survivors (13312K)
 Metaspace       used 125159K, committed 127616K, reserved 1179648K
  class space    used 17709K, committed 18880K, reserved 1048576K
}
Event: 26.534 GC heap before
{Heap before GC invocations=67 (full 0):
 garbage-first heap   total 263168K, used 234108K [0x0000000080000000, 0x0000000100000000)
  region size 1024K, 91 young (93184K), 13 survivors (13312K)
 Metaspace       used 130039K, committed 132480K, reserved 1179648K
  class space    used 18516K, committed 19648K, reserved 1048576K
}
Event: 26.542 GC heap after
{Heap after GC invocations=68 (full 0):
 garbage-first heap   total 263168K, used 164797K [0x0000000080000000, 0x0000000100000000)
  region size 1024K, 12 young (12288K), 12 survivors (12288K)
 Metaspace       used 130039K, committed 132480K, reserved 1179648K
  class space    used 18516K, committed 19648K, reserved 1048576K
}
Event: 26.676 GC heap before
{Heap before GC invocations=68 (full 0):
 garbage-first heap   total 263168K, used 235453K [0x0000000080000000, 0x0000000100000000)
  region size 1024K, 81 young (82944K), 12 survivors (12288K)
 Metaspace       used 130476K, committed 132928K, reserved 1179648K
  class space    used 18570K, committed 19712K, reserved 1048576K
}
Event: 26.687 GC heap after
{Heap after GC invocations=69 (full 0):
 garbage-first heap   total 263168K, used 177152K [0x0000000080000000, 0x0000000100000000)
  region size 1024K, 11 young (11264K), 11 survivors (11264K)
 Metaspace       used 130476K, committed 132928K, reserved 1179648K
  class space    used 18570K, committed 19712K, reserved 1048576K
}
Event: 26.816 GC heap before
{Heap before GC invocations=70 (full 0):
 garbage-first heap   total 295936K, used 235520K [0x0000000080000000, 0x0000000100000000)
  region size 1024K, 69 young (70656K), 11 survivors (11264K)
 Metaspace       used 130715K, committed 133184K, reserved 1179648K
  class space    used 18610K, committed 19776K, reserved 1048576K
}
Event: 26.829 GC heap after
{Heap after GC invocations=71 (full 0):
 garbage-first heap   total 295936K, used 190933K [0x0000000080000000, 0x0000000100000000)
  region size 1024K, 9 young (9216K), 9 survivors (9216K)
 Metaspace       used 130715K, committed 133184K, reserved 1179648K
  class space    used 18610K, committed 19776K, reserved 1048576K
}
Event: 27.250 GC heap before
{Heap before GC invocations=71 (full 0):
 garbage-first heap   total 295936K, used 259541K [0x0000000080000000, 0x0000000100000000)
  region size 1024K, 77 young (78848K), 9 survivors (9216K)
 Metaspace       used 134044K, committed 136512K, reserved 1179648K
  class space    used 19190K, committed 20352K, reserved 1048576K
}
Event: 27.261 GC heap after
{Heap after GC invocations=72 (full 0):
 garbage-first heap   total 295936K, used 194359K [0x0000000080000000, 0x0000000100000000)
  region size 1024K, 10 young (10240K), 10 survivors (10240K)
 Metaspace       used 134044K, committed 136512K, reserved 1179648K
  class space    used 19190K, committed 20352K, reserved 1048576K
}
Event: 27.482 GC heap before
{Heap before GC invocations=72 (full 0):
 garbage-first heap   total 295936K, used 261943K [0x0000000080000000, 0x0000000100000000)
  region size 1024K, 77 young (78848K), 10 survivors (10240K)
 Metaspace       used 136063K, committed 138496K, reserved 1179648K
  class space    used 19573K, committed 20736K, reserved 1048576K
}
Event: 27.493 GC heap after
{Heap after GC invocations=73 (full 0):
 garbage-first heap   total 295936K, used 206848K [0x0000000080000000, 0x0000000100000000)
  region size 1024K, 10 young (10240K), 10 survivors (10240K)
 Metaspace       used 136063K, committed 138496K, reserved 1179648K
  class space    used 19573K, committed 20736K, reserved 1048576K
}
Event: 27.699 GC heap before
{Heap before GC invocations=74 (full 0):
 garbage-first heap   total 345088K, used 266240K [0x0000000080000000, 0x0000000100000000)
  region size 1024K, 69 young (70656K), 10 survivors (10240K)
 Metaspace       used 137155K, committed 139648K, reserved 1179648K
  class space    used 19822K, committed 20992K, reserved 1048576K
}
Event: 27.710 GC heap after
{Heap after GC invocations=75 (full 0):
 garbage-first heap   total 345088K, used 220595K [0x0000000080000000, 0x0000000100000000)
  region size 1024K, 9 young (9216K), 9 survivors (9216K)
 Metaspace       used 137155K, committed 139648K, reserved 1179648K
  class space    used 19822K, committed 20992K, reserved 1048576K
}
Event: 27.800 GC heap before
{Heap before GC invocations=75 (full 0):
 garbage-first heap   total 345088K, used 304563K [0x0000000080000000, 0x0000000100000000)
  region size 1024K, 92 young (94208K), 9 survivors (9216K)
 Metaspace       used 137616K, committed 140032K, reserved 1179648K
  class space    used 19909K, committed 21056K, reserved 1048576K
}

