# JRE version: OpenJDK Runtime Environment (21.0.8) (build 21.0.8+-14196175-b1038.72)
# Java VM: OpenJDK 64-Bit Server VM (21.0.8+-14196175-b1038.72, mixed mode, tiered, compressed oops, compressed class ptrs, g1 gc, windows-amd64)
GC Precious Log:
 CardTable entry size: 512
 Card Set container configuration: InlinePtr #cards 5 size 8 Array Of Cards #cards 12 size 40 Howl #buckets 4 coarsen threshold 1843 Howl Bitmap #cards 512 size 80 coarsen threshold 460 Card regions per heap region 1 cards per card region 2048
 CPUs: 12 total, 12 available
 Memory: 15741M
 Large Page Support: Disabled
 NUMA Support: Disabled
 Compressed Oops: Enabled (32-bit)
 Heap Region Size: 1M
 Heap Min Capacity: 8M
 Heap Initial Capacity: 246M
 Heap Max Capacity: 2G
 Pre-touch: Disabled
 Parallel Workers: 10
 Concurrent Workers: 3
 Concurrent Refinement Workers: 10
 Periodic GC: Disabled
Heap:
 garbage-first heap   total 295936K, used 183449K [0x0000000080000000, 0x0000000100000000)
  region size 1024K, 4 young (4096K), 4 survivors (4096K)
 Metaspace       used 129643K, committed 132224K, reserved 1179648K
  class space    used 18483K, committed 19648K, reserved 1048576K
GC Heap History (20 events):
Event: 20.423 GC heap after
{Heap after GC invocations=46 (full 0):
 garbage-first heap   total 175104K, used 113664K [0x0000000080000000, 0x0000000100000000)
  region size 1024K, 7 young (7168K), 7 survivors (7168K)
 Metaspace       used 113781K, committed 116160K, reserved 1179648K
  class space    used 16191K, committed 17344K, reserved 1048576K
}
Event: 20.717 GC heap before
{Heap before GC invocations=46 (full 0):
 garbage-first heap   total 175104K, used 136192K [0x0000000080000000, 0x0000000100000000)
  region size 1024K, 31 young (31744K), 7 survivors (7168K)
 Metaspace       used 115497K, committed 117824K, reserved 1179648K
  class space    used 16429K, committed 17536K, reserved 1048576K
}
Event: 20.724 GC heap after
{Heap after GC invocations=47 (full 0):
 garbage-first heap   total 175104K, used 117774K [0x0000000080000000, 0x0000000100000000)
  region size 1024K, 5 young (5120K), 5 survivors (5120K)
 Metaspace       used 115497K, committed 117824K, reserved 1179648K
  class space    used 16429K, committed 17536K, reserved 1048576K
}
Event: 21.344 GC heap before
{Heap before GC invocations=48 (full 0):
 garbage-first heap   total 201728K, used 159758K [0x0000000080000000, 0x0000000100000000)
  region size 1024K, 41 young (41984K), 5 survivors (5120K)
 Metaspace       used 121285K, committed 123712K, reserved 1179648K
  class space    used 17176K, committed 18368K, reserved 1048576K
}
Event: 21.348 GC heap after
{Heap after GC invocations=49 (full 0):
 garbage-first heap   total 201728K, used 127407K [0x0000000080000000, 0x0000000100000000)
  region size 1024K, 6 young (6144K), 6 survivors (6144K)
 Metaspace       used 121285K, committed 123712K, reserved 1179648K
  class space    used 17176K, committed 18368K, reserved 1048576K
}
Event: 22.245 GC heap before
{Heap before GC invocations=49 (full 0):
 garbage-first heap   total 201728K, used 176559K [0x0000000080000000, 0x0000000100000000)
  region size 1024K, 54 young (55296K), 6 survivors (6144K)
 Metaspace       used 123634K, committed 126080K, reserved 1179648K
  class space    used 17503K, committed 18688K, reserved 1048576K
}
Event: 22.252 GC heap after
{Heap after GC invocations=50 (full 0):
 garbage-first heap   total 201728K, used 127349K [0x0000000080000000, 0x0000000100000000)
  region size 1024K, 7 young (7168K), 7 survivors (7168K)
 Metaspace       used 123634K, committed 126080K, reserved 1179648K
  class space    used 17503K, committed 18688K, reserved 1048576K
}
Event: 22.758 GC heap before
{Heap before GC invocations=50 (full 0):
 garbage-first heap   total 201728K, used 176501K [0x0000000080000000, 0x0000000100000000)
  region size 1024K, 56 young (57344K), 7 survivors (7168K)
 Metaspace       used 124410K, committed 126848K, reserved 1179648K
  class space    used 17626K, committed 18816K, reserved 1048576K
}
Event: 22.764 GC heap after
{Heap after GC invocations=51 (full 0):
 garbage-first heap   total 201728K, used 132301K [0x0000000080000000, 0x0000000100000000)
  region size 1024K, 6 young (6144K), 6 survivors (6144K)
 Metaspace       used 124410K, committed 126848K, reserved 1179648K
  class space    used 17626K, committed 18816K, reserved 1048576K
}
Event: 22.854 GC heap before
{Heap before GC invocations=51 (full 0):
 garbage-first heap   total 225280K, used 181453K [0x0000000080000000, 0x0000000100000000)
  region size 1024K, 53 young (54272K), 6 survivors (6144K)
 Metaspace       used 124650K, committed 127040K, reserved 1179648K
  class space    used 17656K, committed 18816K, reserved 1048576K
}
Event: 22.859 GC heap after
{Heap after GC invocations=52 (full 0):
 garbage-first heap   total 225280K, used 147456K [0x0000000080000000, 0x0000000100000000)
  region size 1024K, 7 young (7168K), 7 survivors (7168K)
 Metaspace       used 124650K, committed 127040K, reserved 1179648K
  class space    used 17656K, committed 18816K, reserved 1048576K
}
Event: 23.294 GC heap before
{Heap before GC invocations=53 (full 0):
 garbage-first heap   total 225280K, used 196608K [0x0000000080000000, 0x0000000100000000)
  region size 1024K, 56 young (57344K), 7 survivors (7168K)
 Metaspace       used 126674K, committed 129088K, reserved 1179648K
  class space    used 17968K, committed 19136K, reserved 1048576K
}
Event: 23.299 GC heap after
{Heap after GC invocations=54 (full 0):
 garbage-first heap   total 225280K, used 155138K [0x0000000080000000, 0x0000000100000000)
  region size 1024K, 7 young (7168K), 7 survivors (7168K)
 Metaspace       used 126674K, committed 129088K, reserved 1179648K
  class space    used 17968K, committed 19136K, reserved 1048576K
}
Event: 23.675 GC heap before
{Heap before GC invocations=54 (full 0):
 garbage-first heap   total 225280K, used 198146K [0x0000000080000000, 0x0000000100000000)
  region size 1024K, 50 young (51200K), 7 survivors (7168K)
 Metaspace       used 129605K, committed 132032K, reserved 1179648K
  class space    used 18465K, committed 19648K, reserved 1048576K
}
Event: 23.682 GC heap after
{Heap after GC invocations=55 (full 0):
 garbage-first heap   total 225280K, used 159515K [0x0000000080000000, 0x0000000100000000)
  region size 1024K, 7 young (7168K), 7 survivors (7168K)
 Metaspace       used 129605K, committed 132032K, reserved 1179648K
  class space    used 18465K, committed 19648K, reserved 1048576K
}
Event: 23.751 GC heap before
{Heap before GC invocations=55 (full 0):
 garbage-first heap   total 225280K, used 202523K [0x0000000080000000, 0x0000000100000000)
  region size 1024K, 49 young (50176K), 7 survivors (7168K)
 Metaspace       used 129778K, committed 132224K, reserved 1179648K
  class space    used 18485K, committed 19648K, reserved 1048576K
}
Event: 23.759 GC heap after
{Heap after GC invocations=56 (full 0):
 garbage-first heap   total 225280K, used 169216K [0x0000000080000000, 0x0000000100000000)
  region size 1024K, 7 young (7168K), 7 survivors (7168K)
 Metaspace       used 129778K, committed 132224K, reserved 1179648K
  class space    used 18485K, committed 19648K, reserved 1048576K
}
Event: 23.807 GC heap before
{Heap before GC invocations=56 (full 0):
 garbage-first heap   total 225280K, used 203008K [0x0000000080000000, 0x0000000100000000)
  region size 1024K, 41 young (41984K), 7 survivors (7168K)
 Metaspace       used 129868K, committed 132288K, reserved 1179648K
  class space    used 18494K, committed 19648K, reserved 1048576K
}
Event: 23.814 GC heap after
{Heap after GC invocations=57 (full 0):
 garbage-first heap   total 225280K, used 176452K [0x0000000080000000, 0x0000000100000000)
  region size 1024K, 6 young (6144K), 6 survivors (6144K)
 Metaspace       used 129868K, committed 132288K, reserved 1179648K
  class space    used 18494K, committed 19648K, reserved 1048576K
}
Event: 23.879 GC heap before
{Heap before GC invocations=57 (full 0):
 garbage-first heap   total 295936K, used 203076K [0x0000000080000000, 0x0000000100000000)
  region size 1024K, 32 young (32768K), 6 survivors (6144K)
 Metaspace       used 129643K, committed 132224K, reserved 1179648K
  class space    used 18483K, committed 19648K, reserved 1048576K
}

