# JRE version: OpenJDK Runtime Environment (21.0.8) (build 21.0.8+-14196175-b1038.72)
# Java VM: OpenJDK 64-Bit Server VM (21.0.8+-14196175-b1038.72, mixed mode, tiered, compressed oops, compressed class ptrs, g1 gc, windows-amd64)
GC Precious Log:
 CardTable entry size: 512
 Card Set container configuration: InlinePtr #cards 5 size 8 Array Of Cards #cards 12 size 40 Howl #buckets 4 coarsen threshold 1843 Howl Bitmap #cards 512 size 80 coarsen threshold 460 Card regions per heap region 1 cards per card region 2048
 CPUs: 12 total, 12 available
 Memory: 15741M
 Large Page Support: Disabled
 NUMA Support: Disabled
 Compressed Oops: Enabled (32-bit)
 Heap Region Size: 1M
 Heap Min Capacity: 8M
 Heap Initial Capacity: 246M
 Heap Max Capacity: 2G
 Pre-touch: Disabled
 Parallel Workers: 10
 Concurrent Workers: 3
 Concurrent Refinement Workers: 10
 Periodic GC: Disabled
Heap:
 garbage-first heap   total 319488K, used 215984K [0x0000000080000000, 0x0000000100000000)
  region size 1024K, 11 young (11264K), 11 survivors (11264K)
 Metaspace       used 141300K, committed 143808K, reserved 1179648K
  class space    used 20278K, committed 21504K, reserved 1048576K
GC Heap History (20 events):
Event: 28.012 GC heap after
{Heap after GC invocations=65 (full 0):
 garbage-first heap   total 206848K, used 125062K [0x0000000080000000, 0x0000000100000000)
  region size 1024K, 3 young (3072K), 3 survivors (3072K)
 Metaspace       used 127298K, committed 129664K, reserved 1179648K
  class space    used 17939K, committed 19072K, reserved 1048576K
}
Event: 28.237 GC heap before
{Heap before GC invocations=65 (full 0):
 garbage-first heap   total 206848K, used 190598K [0x0000000080000000, 0x0000000100000000)
  region size 1024K, 68 young (69632K), 3 survivors (3072K)
 Metaspace       used 128440K, committed 130816K, reserved 1179648K
  class space    used 18095K, committed 19264K, reserved 1048576K
}
Event: 28.243 GC heap after
{Heap after GC invocations=66 (full 0):
 garbage-first heap   total 210944K, used 138372K [0x0000000080000000, 0x0000000100000000)
  region size 1024K, 9 young (9216K), 9 survivors (9216K)
 Metaspace       used 128440K, committed 130816K, reserved 1179648K
  class space    used 18095K, committed 19264K, reserved 1048576K
}
Event: 28.465 GC heap before
{Heap before GC invocations=66 (full 0):
 garbage-first heap   total 210944K, used 188548K [0x0000000080000000, 0x0000000100000000)
  region size 1024K, 59 young (60416K), 9 survivors (9216K)
 Metaspace       used 129524K, committed 131840K, reserved 1179648K
  class space    used 18248K, committed 19392K, reserved 1048576K
}
Event: 28.471 GC heap after
{Heap after GC invocations=67 (full 0):
 garbage-first heap   total 210944K, used 144040K [0x0000000080000000, 0x0000000100000000)
  region size 1024K, 8 young (8192K), 8 survivors (8192K)
 Metaspace       used 129524K, committed 131840K, reserved 1179648K
  class space    used 18248K, committed 19392K, reserved 1048576K
}
Event: 28.820 GC heap before
{Heap before GC invocations=68 (full 0):
 garbage-first heap   total 240640K, used 190120K [0x0000000080000000, 0x0000000100000000)
  region size 1024K, 52 young (53248K), 8 survivors (8192K)
 Metaspace       used 130898K, committed 133312K, reserved 1179648K
  class space    used 18486K, committed 19712K, reserved 1048576K
}
Event: 28.824 GC heap after
{Heap after GC invocations=69 (full 0):
 garbage-first heap   total 240640K, used 145435K [0x0000000080000000, 0x0000000100000000)
  region size 1024K, 3 young (3072K), 3 survivors (3072K)
 Metaspace       used 130898K, committed 133312K, reserved 1179648K
  class space    used 18486K, committed 19712K, reserved 1048576K
}
Event: 29.203 GC heap before
{Heap before GC invocations=69 (full 0):
 garbage-first heap   total 240640K, used 214043K [0x0000000080000000, 0x0000000100000000)
  region size 1024K, 69 young (70656K), 3 survivors (3072K)
 Metaspace       used 133679K, committed 136064K, reserved 1179648K
  class space    used 18950K, committed 20160K, reserved 1048576K
}
Event: 29.209 GC heap after
{Heap after GC invocations=70 (full 0):
 garbage-first heap   total 240640K, used 153329K [0x0000000080000000, 0x0000000100000000)
  region size 1024K, 9 young (9216K), 9 survivors (9216K)
 Metaspace       used 133679K, committed 136064K, reserved 1179648K
  class space    used 18950K, committed 20160K, reserved 1048576K
}
Event: 29.354 GC heap before
{Heap before GC invocations=70 (full 0):
 garbage-first heap   total 240640K, used 213745K [0x0000000080000000, 0x0000000100000000)
  region size 1024K, 69 young (70656K), 9 survivors (9216K)
 Metaspace       used 134234K, committed 136704K, reserved 1179648K
  class space    used 19026K, committed 20224K, reserved 1048576K
}
Event: 29.365 GC heap after
{Heap after GC invocations=71 (full 0):
 garbage-first heap   total 240640K, used 164047K [0x0000000080000000, 0x0000000100000000)
  region size 1024K, 9 young (9216K), 9 survivors (9216K)
 Metaspace       used 134234K, committed 136704K, reserved 1179648K
  class space    used 19026K, committed 20224K, reserved 1048576K
}
Event: 29.489 GC heap before
{Heap before GC invocations=72 (full 0):
 garbage-first heap   total 271360K, used 212175K [0x0000000080000000, 0x0000000100000000)
  region size 1024K, 59 young (60416K), 9 survivors (9216K)
 Metaspace       used 134374K, committed 136832K, reserved 1179648K
  class space    used 19047K, committed 20224K, reserved 1048576K
}
Event: 29.500 GC heap after
{Heap after GC invocations=73 (full 0):
 garbage-first heap   total 271360K, used 173056K [0x0000000080000000, 0x0000000100000000)
  region size 1024K, 8 young (8192K), 8 survivors (8192K)
 Metaspace       used 134374K, committed 136832K, reserved 1179648K
  class space    used 19047K, committed 20224K, reserved 1048576K
}
Event: 29.933 GC heap before
{Heap before GC invocations=73 (full 0):
 garbage-first heap   total 271360K, used 237568K [0x0000000080000000, 0x0000000100000000)
  region size 1024K, 72 young (73728K), 8 survivors (8192K)
 Metaspace       used 137786K, committed 140288K, reserved 1179648K
  class space    used 19644K, committed 20864K, reserved 1048576K
}
Event: 29.943 GC heap after
{Heap after GC invocations=74 (full 0):
 garbage-first heap   total 271360K, used 180633K [0x0000000080000000, 0x0000000100000000)
  region size 1024K, 9 young (9216K), 9 survivors (9216K)
 Metaspace       used 137786K, committed 140288K, reserved 1179648K
  class space    used 19644K, committed 20864K, reserved 1048576K
}
Event: 30.078 GC heap before
{Heap before GC invocations=74 (full 0):
 garbage-first heap   total 271360K, used 241049K [0x0000000080000000, 0x0000000100000000)
  region size 1024K, 68 young (69632K), 9 survivors (9216K)
 Metaspace       used 138473K, committed 140928K, reserved 1179648K
  class space    used 19722K, committed 20928K, reserved 1048576K
}
Event: 30.088 GC heap after
{Heap after GC invocations=75 (full 0):
 garbage-first heap   total 271360K, used 191488K [0x0000000080000000, 0x0000000100000000)
  region size 1024K, 9 young (9216K), 9 survivors (9216K)
 Metaspace       used 138473K, committed 140928K, reserved 1179648K
  class space    used 19722K, committed 20928K, reserved 1048576K
}
Event: 30.358 GC heap before
{Heap before GC invocations=76 (full 0):
 garbage-first heap   total 319488K, used 243712K [0x0000000080000000, 0x0000000100000000)
  region size 1024K, 61 young (62464K), 9 survivors (9216K)
 Metaspace       used 140497K, committed 142976K, reserved 1179648K
  class space    used 20142K, committed 21376K, reserved 1048576K
}
Event: 30.367 GC heap after
{Heap after GC invocations=77 (full 0):
 garbage-first heap   total 319488K, used 200704K [0x0000000080000000, 0x0000000100000000)
  region size 1024K, 8 young (8192K), 8 survivors (8192K)
 Metaspace       used 140497K, committed 142976K, reserved 1179648K
  class space    used 20142K, committed 21376K, reserved 1048576K
}
Event: 30.493 GC heap before
{Heap before GC invocations=77 (full 0):
 garbage-first heap   total 319488K, used 282624K [0x0000000080000000, 0x0000000100000000)
  region size 1024K, 88 young (90112K), 8 survivors (8192K)
 Metaspace       used 141300K, committed 143808K, reserved 1179648K
  class space    used 20278K, committed 21504K, reserved 1048576K
}

