# JRE version: OpenJDK Runtime Environment (21.0.8) (build 21.0.8+-14196175-b1038.72)
# Java VM: OpenJDK 64-Bit Server VM (21.0.8+-14196175-b1038.72, mixed mode, tiered, compressed oops, compressed class ptrs, g1 gc, windows-amd64)
GC Precious Log:
 CardTable entry size: 512
 Card Set container configuration: InlinePtr #cards 5 size 8 Array Of Cards #cards 12 size 40 Howl #buckets 4 coarsen threshold 1843 Howl Bitmap #cards 512 size 80 coarsen threshold 460 Card regions per heap region 1 cards per card region 2048
 CPUs: 12 total, 12 available
 Memory: 15741M
 Large Page Support: Disabled
 NUMA Support: Disabled
 Compressed Oops: Enabled (32-bit)
 Heap Region Size: 1M
 Heap Min Capacity: 8M
 Heap Initial Capacity: 246M
 Heap Max Capacity: 2G
 Pre-touch: Disabled
 Parallel Workers: 10
 Concurrent Workers: 3
 Concurrent Refinement Workers: 10
 Periodic GC: Disabled
Heap:
 garbage-first heap   total 355328K, used 244958K [0x0000000080000000, 0x0000000100000000)
  region size 1024K, 2 young (2048K), 2 survivors (2048K)
 Metaspace       used 132698K, committed 135040K, reserved 1179648K
  class space    used 19638K, committed 20736K, reserved 1048576K
GC Heap History (20 events):
Event: 20.470 GC heap after
{Heap after GC invocations=47 (full 0):
 garbage-first heap   total 189440K, used 130071K [0x0000000080000000, 0x0000000100000000)
  region size 1024K, 7 young (7168K), 7 survivors (7168K)
 Metaspace       used 113338K, committed 115648K, reserved 1179648K
  class space    used 16233K, committed 17344K, reserved 1048576K
}
Event: 20.979 GC heap before
{Heap before GC invocations=47 (full 0):
 garbage-first heap   total 189440K, used 167959K [0x0000000080000000, 0x0000000100000000)
  region size 1024K, 45 young (46080K), 7 survivors (7168K)
 Metaspace       used 115771K, committed 118080K, reserved 1179648K
  class space    used 16631K, committed 17728K, reserved 1048576K
}
Event: 20.984 GC heap after
{Heap after GC invocations=48 (full 0):
 garbage-first heap   total 189440K, used 135011K [0x0000000080000000, 0x0000000100000000)
  region size 1024K, 6 young (6144K), 6 survivors (6144K)
 Metaspace       used 115771K, committed 118080K, reserved 1179648K
  class space    used 16631K, committed 17728K, reserved 1048576K
}
Event: 21.333 GC heap before
{Heap before GC invocations=49 (full 0):
 garbage-first heap   total 225280K, used 169827K [0x0000000080000000, 0x0000000100000000)
  region size 1024K, 41 young (41984K), 6 survivors (6144K)
 Metaspace       used 118032K, committed 120384K, reserved 1179648K
  class space    used 16993K, committed 18112K, reserved 1048576K
}
Event: 21.341 GC heap after
{Heap after GC invocations=50 (full 0):
 garbage-first heap   total 225280K, used 138947K [0x0000000080000000, 0x0000000100000000)
  region size 1024K, 6 young (6144K), 6 survivors (6144K)
 Metaspace       used 118032K, committed 120384K, reserved 1179648K
  class space    used 16993K, committed 18112K, reserved 1048576K
}
Event: 21.450 GC heap before
{Heap before GC invocations=50 (full 0):
 garbage-first heap   total 225280K, used 192195K [0x0000000080000000, 0x0000000100000000)
  region size 1024K, 59 young (60416K), 6 survivors (6144K)
 Metaspace       used 118272K, committed 120576K, reserved 1179648K
  class space    used 17019K, committed 18112K, reserved 1048576K
}
Event: 21.461 GC heap after
{Heap after GC invocations=51 (full 0):
 garbage-first heap   total 225280K, used 148480K [0x0000000080000000, 0x0000000100000000)
  region size 1024K, 8 young (8192K), 8 survivors (8192K)
 Metaspace       used 118272K, committed 120576K, reserved 1179648K
  class space    used 17019K, committed 18112K, reserved 1048576K
}
Event: 21.531 GC heap before
{Heap before GC invocations=51 (full 0):
 garbage-first heap   total 225280K, used 195584K [0x0000000080000000, 0x0000000100000000)
  region size 1024K, 55 young (56320K), 8 survivors (8192K)
 Metaspace       used 118603K, committed 120896K, reserved 1179648K
  class space    used 17074K, committed 18176K, reserved 1048576K
}
Event: 21.542 GC heap after
{Heap after GC invocations=52 (full 0):
 garbage-first heap   total 327680K, used 159671K [0x0000000080000000, 0x0000000100000000)
  region size 1024K, 7 young (7168K), 7 survivors (7168K)
 Metaspace       used 118603K, committed 120896K, reserved 1179648K
  class space    used 17074K, committed 18176K, reserved 1048576K
}
Event: 21.978 GC heap before
{Heap before GC invocations=53 (full 0):
 garbage-first heap   total 327680K, used 258999K [0x0000000080000000, 0x0000000100000000)
  region size 1024K, 105 young (107520K), 7 survivors (7168K)
 Metaspace       used 122319K, committed 124608K, reserved 1179648K
  class space    used 17708K, committed 18816K, reserved 1048576K
}
Event: 21.991 GC heap after
{Heap after GC invocations=54 (full 0):
 garbage-first heap   total 327680K, used 175978K [0x0000000080000000, 0x0000000100000000)
  region size 1024K, 14 young (14336K), 14 survivors (14336K)
 Metaspace       used 122319K, committed 124608K, reserved 1179648K
  class space    used 17708K, committed 18816K, reserved 1048576K
}
Event: 22.262 GC heap before
{Heap before GC invocations=54 (full 0):
 garbage-first heap   total 327680K, used 270186K [0x0000000080000000, 0x0000000100000000)
  region size 1024K, 107 young (109568K), 14 survivors (14336K)
 Metaspace       used 125858K, committed 128192K, reserved 1179648K
  class space    used 18505K, committed 19648K, reserved 1048576K
}
Event: 22.280 GC heap after
{Heap after GC invocations=55 (full 0):
 garbage-first heap   total 327680K, used 191336K [0x0000000080000000, 0x0000000100000000)
  region size 1024K, 14 young (14336K), 14 survivors (14336K)
 Metaspace       used 125858K, committed 128192K, reserved 1179648K
  class space    used 18505K, committed 19648K, reserved 1048576K
}
Event: 22.367 GC heap before
{Heap before GC invocations=55 (full 0):
 garbage-first heap   total 327680K, used 278376K [0x0000000080000000, 0x0000000100000000)
  region size 1024K, 100 young (102400K), 14 survivors (14336K)
 Metaspace       used 126516K, committed 128896K, reserved 1179648K
  class space    used 18622K, committed 19776K, reserved 1048576K
}
Event: 22.382 GC heap after
{Heap after GC invocations=56 (full 0):
 garbage-first heap   total 327680K, used 212787K [0x0000000080000000, 0x0000000100000000)
  region size 1024K, 13 young (13312K), 13 survivors (13312K)
 Metaspace       used 126516K, committed 128896K, reserved 1179648K
  class space    used 18622K, committed 19776K, reserved 1048576K
}
Event: 22.565 GC heap before
{Heap before GC invocations=57 (full 0):
 garbage-first heap   total 355328K, used 288563K [0x0000000080000000, 0x0000000100000000)
  region size 1024K, 87 young (89088K), 13 survivors (13312K)
 Metaspace       used 126738K, committed 129088K, reserved 1179648K
  class space    used 18664K, committed 19776K, reserved 1048576K
}
Event: 22.578 GC heap after
{Heap after GC invocations=58 (full 0):
 garbage-first heap   total 355328K, used 232318K [0x0000000080000000, 0x0000000100000000)
  region size 1024K, 11 young (11264K), 11 survivors (11264K)
 Metaspace       used 126738K, committed 129088K, reserved 1179648K
  class space    used 18664K, committed 19776K, reserved 1048576K
}
Event: 22.951 GC heap before
{Heap before GC invocations=58 (full 0):
 garbage-first heap   total 355328K, used 311166K [0x0000000080000000, 0x0000000100000000)
  region size 1024K, 89 young (91136K), 11 survivors (11264K)
 Metaspace       used 131075K, committed 133440K, reserved 1179648K
  class space    used 19433K, committed 20544K, reserved 1048576K
}
Event: 22.963 GC heap after
{Heap after GC invocations=59 (full 0):
 garbage-first heap   total 355328K, used 242484K [0x0000000080000000, 0x0000000100000000)
  region size 1024K, 10 young (10240K), 10 survivors (10240K)
 Metaspace       used 131075K, committed 133440K, reserved 1179648K
  class space    used 19433K, committed 20544K, reserved 1048576K
}
Event: 23.218 GC heap before
{Heap before GC invocations=59 (full 0):
 garbage-first heap   total 355328K, used 317236K [0x0000000080000000, 0x0000000100000000)
  region size 1024K, 84 young (86016K), 10 survivors (10240K)
 Metaspace       used 132698K, committed 135040K, reserved 1179648K
  class space    used 19638K, committed 20736K, reserved 1048576K
}

