# JRE version: OpenJDK Runtime Environment (21.0.8) (build 21.0.8+-14196175-b1038.72)
# Java VM: OpenJDK 64-Bit Server VM (21.0.8+-14196175-b1038.72, mixed mode, tiered, compressed oops, compressed class ptrs, g1 gc, windows-amd64)
GC Precious Log:
 CardTable entry size: 512
 Card Set container configuration: InlinePtr #cards 5 size 8 Array Of Cards #cards 12 size 40 Howl #buckets 4 coarsen threshold 1843 Howl Bitmap #cards 512 size 80 coarsen threshold 460 Card regions per heap region 1 cards per card region 2048
 CPUs: 12 total, 12 available
 Memory: 15741M
 Large Page Support: Disabled
 NUMA Support: Disabled
 Compressed Oops: Enabled (32-bit)
 Heap Region Size: 1M
 Heap Min Capacity: 8M
 Heap Initial Capacity: 246M
 Heap Max Capacity: 2G
 Pre-touch: Disabled
 Parallel Workers: 10
 Concurrent Workers: 3
 Concurrent Refinement Workers: 10
 Periodic GC: Disabled
Heap:
 garbage-first heap   total 293888K, used 183032K [0x0000000080000000, 0x0000000100000000)
  region size 1024K, 11 young (11264K), 11 survivors (11264K)
 Metaspace       used 135347K, committed 137728K, reserved 1179648K
  class space    used 19185K, committed 20288K, reserved 1048576K
GC Heap History (20 events):
Event: 32.663 GC heap after
{Heap after GC invocations=80 (full 0):
 garbage-first heap   total 293888K, used 162456K [0x0000000080000000, 0x0000000100000000)
  region size 1024K, 8 young (8192K), 8 survivors (8192K)
 Metaspace       used 132473K, committed 134848K, reserved 1179648K
  class space    used 18775K, committed 19904K, reserved 1048576K
}
Event: 33.232 GC heap before
{Heap before GC invocations=81 (full 0):
 garbage-first heap   total 293888K, used 269976K [0x0000000080000000, 0x0000000100000000)
  region size 1024K, 113 young (115712K), 8 survivors (8192K)
 Metaspace       used 133045K, committed 135360K, reserved 1179648K
  class space    used 18868K, committed 19968K, reserved 1048576K
}
Event: 33.237 GC heap after
{Heap after GC invocations=82 (full 0):
 garbage-first heap   total 293888K, used 163018K [0x0000000080000000, 0x0000000100000000)
  region size 1024K, 8 young (8192K), 8 survivors (8192K)
 Metaspace       used 133045K, committed 135360K, reserved 1179648K
  class space    used 18868K, committed 19968K, reserved 1048576K
}
Event: 34.005 GC heap before
{Heap before GC invocations=82 (full 0):
 garbage-first heap   total 293888K, used 269514K [0x0000000080000000, 0x0000000100000000)
  region size 1024K, 112 young (114688K), 8 survivors (8192K)
 Metaspace       used 134470K, committed 136832K, reserved 1179648K
  class space    used 19081K, committed 20224K, reserved 1048576K
}
Event: 34.014 GC heap after
{Heap after GC invocations=83 (full 0):
 garbage-first heap   total 293888K, used 163897K [0x0000000080000000, 0x0000000100000000)
  region size 1024K, 12 young (12288K), 12 survivors (12288K)
 Metaspace       used 134470K, committed 136832K, reserved 1179648K
  class space    used 19081K, committed 20224K, reserved 1048576K
}
Event: 34.211 GC heap before
{Heap before GC invocations=83 (full 0):
 garbage-first heap   total 293888K, used 195641K [0x0000000080000000, 0x0000000100000000)
  region size 1024K, 44 young (45056K), 12 survivors (12288K)
 Metaspace       used 134788K, committed 137088K, reserved 1179648K
  class space    used 19112K, committed 20224K, reserved 1048576K
}
Event: 34.217 GC heap after
{Heap after GC invocations=84 (full 0):
 garbage-first heap   total 293888K, used 166047K [0x0000000080000000, 0x0000000100000000)
  region size 1024K, 10 young (10240K), 10 survivors (10240K)
 Metaspace       used 134788K, committed 137088K, reserved 1179648K
  class space    used 19112K, committed 20224K, reserved 1048576K
}
Event: 34.693 GC heap before
{Heap before GC invocations=85 (full 0):
 garbage-first heap   total 293888K, used 268447K [0x0000000080000000, 0x0000000100000000)
  region size 1024K, 109 young (111616K), 10 survivors (10240K)
 Metaspace       used 135137K, committed 137536K, reserved 1179648K
  class space    used 19162K, committed 20288K, reserved 1048576K
}
Event: 34.700 GC heap after
{Heap after GC invocations=86 (full 0):
 garbage-first heap   total 293888K, used 167648K [0x0000000080000000, 0x0000000100000000)
  region size 1024K, 10 young (10240K), 10 survivors (10240K)
 Metaspace       used 135137K, committed 137536K, reserved 1179648K
  class space    used 19162K, committed 20288K, reserved 1048576K
}
Event: 34.827 GC heap before
{Heap before GC invocations=86 (full 0):
 garbage-first heap   total 293888K, used 265952K [0x0000000080000000, 0x0000000100000000)
  region size 1024K, 107 young (109568K), 10 survivors (10240K)
 Metaspace       used 135143K, committed 137536K, reserved 1179648K
  class space    used 19163K, committed 20288K, reserved 1048576K
}
Event: 34.834 GC heap after
{Heap after GC invocations=87 (full 0):
 garbage-first heap   total 293888K, used 166147K [0x0000000080000000, 0x0000000100000000)
  region size 1024K, 9 young (9216K), 9 survivors (9216K)
 Metaspace       used 135143K, committed 137536K, reserved 1179648K
  class space    used 19163K, committed 20288K, reserved 1048576K
}
Event: 34.994 GC heap before
{Heap before GC invocations=87 (full 0):
 garbage-first heap   total 293888K, used 267523K [0x0000000080000000, 0x0000000100000000)
  region size 1024K, 109 young (111616K), 9 survivors (9216K)
 Metaspace       used 135205K, committed 137600K, reserved 1179648K
  class space    used 19166K, committed 20288K, reserved 1048576K
}
Event: 35.000 GC heap after
{Heap after GC invocations=88 (full 0):
 garbage-first heap   total 293888K, used 172015K [0x0000000080000000, 0x0000000100000000)
  region size 1024K, 13 young (13312K), 13 survivors (13312K)
 Metaspace       used 135205K, committed 137600K, reserved 1179648K
  class space    used 19166K, committed 20288K, reserved 1048576K
}
Event: 35.143 GC heap before
{Heap before GC invocations=88 (full 0):
 garbage-first heap   total 293888K, used 263151K [0x0000000080000000, 0x0000000100000000)
  region size 1024K, 103 young (105472K), 13 survivors (13312K)
 Metaspace       used 135218K, committed 137600K, reserved 1179648K
  class space    used 19166K, committed 20288K, reserved 1048576K
}
Event: 35.151 GC heap after
{Heap after GC invocations=89 (full 0):
 garbage-first heap   total 293888K, used 178169K [0x0000000080000000, 0x0000000100000000)
  region size 1024K, 10 young (10240K), 10 survivors (10240K)
 Metaspace       used 135218K, committed 137600K, reserved 1179648K
  class space    used 19166K, committed 20288K, reserved 1048576K
}
Event: 35.276 GC heap before
{Heap before GC invocations=90 (full 0):
 garbage-first heap   total 293888K, used 266233K [0x0000000080000000, 0x0000000100000000)
  region size 1024K, 97 young (99328K), 10 survivors (10240K)
 Metaspace       used 135249K, committed 137600K, reserved 1179648K
  class space    used 19166K, committed 20288K, reserved 1048576K
}
Event: 35.284 GC heap after
{Heap after GC invocations=91 (full 0):
 garbage-first heap   total 293888K, used 184871K [0x0000000080000000, 0x0000000100000000)
  region size 1024K, 8 young (8192K), 8 survivors (8192K)
 Metaspace       used 135249K, committed 137600K, reserved 1179648K
  class space    used 19166K, committed 20288K, reserved 1048576K
}
Event: 35.375 GC heap before
{Heap before GC invocations=91 (full 0):
 garbage-first heap   total 293888K, used 268839K [0x0000000080000000, 0x0000000100000000)
  region size 1024K, 91 young (93184K), 8 survivors (8192K)
 Metaspace       used 135315K, committed 137664K, reserved 1179648K
  class space    used 19182K, committed 20288K, reserved 1048576K
}
Event: 35.384 GC heap after
{Heap after GC invocations=92 (full 0):
 garbage-first heap   total 293888K, used 177300K [0x0000000080000000, 0x0000000100000000)
  region size 1024K, 5 young (5120K), 5 survivors (5120K)
 Metaspace       used 135315K, committed 137664K, reserved 1179648K
  class space    used 19182K, committed 20288K, reserved 1048576K
}
Event: 35.453 GC heap before
{Heap before GC invocations=92 (full 0):
 garbage-first heap   total 293888K, used 229524K [0x0000000080000000, 0x0000000100000000)
  region size 1024K, 58 young (59392K), 5 survivors (5120K)
 Metaspace       used 135347K, committed 137728K, reserved 1179648K
  class space    used 19185K, committed 20288K, reserved 1048576K
}

