# JRE version: OpenJDK Runtime Environment (21.0.8) (build 21.0.8+-14196175-b1038.72)
# Java VM: OpenJDK 64-Bit Server VM (21.0.8+-14196175-b1038.72, mixed mode, tiered, compressed oops, compressed class ptrs, g1 gc, windows-amd64)
GC Precious Log:
 CardTable entry size: 512
 Card Set container configuration: InlinePtr #cards 5 size 8 Array Of Cards #cards 12 size 40 Howl #buckets 4 coarsen threshold 1843 Howl Bitmap #cards 512 size 80 coarsen threshold 460 Card regions per heap region 1 cards per card region 2048
 CPUs: 12 total, 12 available
 Memory: 15741M
 Large Page Support: Disabled
 NUMA Support: Disabled
 Compressed Oops: Enabled (32-bit)
 Heap Region Size: 1M
 Heap Min Capacity: 8M
 Heap Initial Capacity: 246M
 Heap Max Capacity: 2G
 Pre-touch: Disabled
 Parallel Workers: 10
 Concurrent Workers: 3
 Concurrent Refinement Workers: 10
 Periodic GC: Disabled
Heap:
 garbage-first heap   total 281600K, used 178176K [0x0000000080000000, 0x0000000100000000)
  region size 1024K, 6 young (6144K), 6 survivors (6144K)
 Metaspace       used 129674K, committed 132288K, reserved 1179648K
  class space    used 18500K, committed 19712K, reserved 1048576K
GC Heap History (20 events):
Event: 19.192 GC heap after
{Heap after GC invocations=50 (full 0):
 garbage-first heap   total 174080K, used 107773K [0x0000000080000000, 0x0000000100000000)
  region size 1024K, 4 young (4096K), 4 survivors (4096K)
 Metaspace       used 111811K, committed 114112K, reserved 1179648K
  class space    used 16018K, committed 17152K, reserved 1048576K
}
Event: 19.944 GC heap before
{Heap before GC invocations=50 (full 0):
 garbage-first heap   total 174080K, used 163069K [0x0000000080000000, 0x0000000100000000)
  region size 1024K, 54 young (55296K), 4 survivors (4096K)
 Metaspace       used 113745K, committed 116096K, reserved 1179648K
  class space    used 16189K, committed 17280K, reserved 1048576K
}
Event: 19.950 GC heap after
{Heap after GC invocations=51 (full 0):
 garbage-first heap   total 175104K, used 112330K [0x0000000080000000, 0x0000000100000000)
  region size 1024K, 7 young (7168K), 7 survivors (7168K)
 Metaspace       used 113745K, committed 116096K, reserved 1179648K
  class space    used 16189K, committed 17280K, reserved 1048576K
}
Event: 20.231 GC heap before
{Heap before GC invocations=51 (full 0):
 garbage-first heap   total 175104K, used 129738K [0x0000000080000000, 0x0000000100000000)
  region size 1024K, 26 young (26624K), 7 survivors (7168K)
 Metaspace       used 115471K, committed 117760K, reserved 1179648K
  class space    used 16431K, committed 17536K, reserved 1048576K
}
Event: 20.237 GC heap after
{Heap after GC invocations=52 (full 0):
 garbage-first heap   total 175104K, used 115962K [0x0000000080000000, 0x0000000100000000)
  region size 1024K, 4 young (4096K), 4 survivors (4096K)
 Metaspace       used 115471K, committed 117760K, reserved 1179648K
  class space    used 16431K, committed 17536K, reserved 1048576K
}
Event: 20.954 GC heap before
{Heap before GC invocations=53 (full 0):
 garbage-first heap   total 198656K, used 164090K [0x0000000080000000, 0x0000000100000000)
  region size 1024K, 46 young (47104K), 4 survivors (4096K)
 Metaspace       used 121375K, committed 123776K, reserved 1179648K
  class space    used 17195K, committed 18368K, reserved 1048576K
}
Event: 20.958 GC heap after
{Heap after GC invocations=54 (full 0):
 garbage-first heap   total 198656K, used 126589K [0x0000000080000000, 0x0000000100000000)
  region size 1024K, 6 young (6144K), 6 survivors (6144K)
 Metaspace       used 121375K, committed 123776K, reserved 1179648K
  class space    used 17195K, committed 18368K, reserved 1048576K
}
Event: 21.773 GC heap before
{Heap before GC invocations=54 (full 0):
 garbage-first heap   total 198656K, used 178813K [0x0000000080000000, 0x0000000100000000)
  region size 1024K, 57 young (58368K), 6 survivors (6144K)
 Metaspace       used 123602K, committed 126016K, reserved 1179648K
  class space    used 17504K, committed 18688K, reserved 1048576K
}
Event: 21.780 GC heap after
{Heap after GC invocations=55 (full 0):
 garbage-first heap   total 198656K, used 128807K [0x0000000080000000, 0x0000000100000000)
  region size 1024K, 7 young (7168K), 7 survivors (7168K)
 Metaspace       used 123602K, committed 126016K, reserved 1179648K
  class space    used 17504K, committed 18688K, reserved 1048576K
}
Event: 22.178 GC heap before
{Heap before GC invocations=55 (full 0):
 garbage-first heap   total 198656K, used 176935K [0x0000000080000000, 0x0000000100000000)
  region size 1024K, 55 young (56320K), 7 survivors (7168K)
 Metaspace       used 124372K, committed 126848K, reserved 1179648K
  class space    used 17623K, committed 18816K, reserved 1048576K
}
Event: 22.183 GC heap after
{Heap after GC invocations=56 (full 0):
 garbage-first heap   total 198656K, used 136085K [0x0000000080000000, 0x0000000100000000)
  region size 1024K, 7 young (7168K), 7 survivors (7168K)
 Metaspace       used 124372K, committed 126848K, reserved 1179648K
  class space    used 17623K, committed 18816K, reserved 1048576K
}
Event: 22.309 GC heap before
{Heap before GC invocations=56 (full 0):
 garbage-first heap   total 230400K, used 180117K [0x0000000080000000, 0x0000000100000000)
  region size 1024K, 49 young (50176K), 7 survivors (7168K)
 Metaspace       used 124487K, committed 126912K, reserved 1179648K
  class space    used 17645K, committed 18816K, reserved 1048576K
}
Event: 22.315 GC heap after
{Heap after GC invocations=57 (full 0):
 garbage-first heap   total 230400K, used 148611K [0x0000000080000000, 0x0000000100000000)
  region size 1024K, 7 young (7168K), 7 survivors (7168K)
 Metaspace       used 124487K, committed 126912K, reserved 1179648K
  class space    used 17645K, committed 18816K, reserved 1048576K
}
Event: 22.942 GC heap before
{Heap before GC invocations=58 (full 0):
 garbage-first heap   total 230400K, used 201859K [0x0000000080000000, 0x0000000100000000)
  region size 1024K, 60 young (61440K), 7 survivors (7168K)
 Metaspace       used 127397K, committed 129856K, reserved 1179648K
  class space    used 18137K, committed 19328K, reserved 1048576K
}
Event: 22.946 GC heap after
{Heap after GC invocations=59 (full 0):
 garbage-first heap   total 230400K, used 153941K [0x0000000080000000, 0x0000000100000000)
  region size 1024K, 8 young (8192K), 8 survivors (8192K)
 Metaspace       used 127397K, committed 129856K, reserved 1179648K
  class space    used 18137K, committed 19328K, reserved 1048576K
}
Event: 23.248 GC heap before
{Heap before GC invocations=59 (full 0):
 garbage-first heap   total 230400K, used 204117K [0x0000000080000000, 0x0000000100000000)
  region size 1024K, 57 young (58368K), 8 survivors (8192K)
 Metaspace       used 129635K, committed 132096K, reserved 1179648K
  class space    used 18472K, committed 19648K, reserved 1048576K
}
Event: 23.256 GC heap after
{Heap after GC invocations=60 (full 0):
 garbage-first heap   total 230400K, used 158981K [0x0000000080000000, 0x0000000100000000)
  region size 1024K, 8 young (8192K), 8 survivors (8192K)
 Metaspace       used 129635K, committed 132096K, reserved 1179648K
  class space    used 18472K, committed 19648K, reserved 1048576K
}
Event: 23.332 GC heap before
{Heap before GC invocations=60 (full 0):
 garbage-first heap   total 230400K, used 204037K [0x0000000080000000, 0x0000000100000000)
  region size 1024K, 53 young (54272K), 8 survivors (8192K)
 Metaspace       used 129820K, committed 132224K, reserved 1179648K
  class space    used 18494K, committed 19648K, reserved 1048576K
}
Event: 23.342 GC heap after
{Heap after GC invocations=61 (full 0):
 garbage-first heap   total 230400K, used 168960K [0x0000000080000000, 0x0000000100000000)
  region size 1024K, 7 young (7168K), 7 survivors (7168K)
 Metaspace       used 129820K, committed 132224K, reserved 1179648K
  class space    used 18494K, committed 19648K, reserved 1048576K
}
Event: 23.456 GC heap before
{Heap before GC invocations=61 (full 0):
 garbage-first heap   total 281600K, used 206848K [0x0000000080000000, 0x0000000100000000)
  region size 1024K, 45 young (46080K), 7 survivors (7168K)
 Metaspace       used 129674K, committed 132288K, reserved 1179648K
  class space    used 18500K, committed 19712K, reserved 1048576K
}

